<?xml version="1.0" encoding="UTF-8" standalone="yes"?>
<ns2:test-suite start="1499617711827" stop="1499617713058" version="1.5.2" xmlns:ns2="urn:model.allure.qatools.yandex.ru">
    <name>Default Suite : QA_EmptyProject</name>
    <title>Default Suite : QA_EmptyProject</title>
    <test-cases>
        <test-case start="1499617711948" stop="1499617713038" status="broken">
            <name>DemoTest1</name>
            <title>Название кейса</title>
            <failure>
                <message>NoSuchMethodError: com.google.common.collect.ImmutableSet.toImmutableSet()Ljava/util/stream/Collector;</message>
                <stack-trace>java.lang.NoSuchMethodError: com.google.common.collect.ImmutableSet.toImmutableSet()Ljava/util/stream/Collector;
	at org.openqa.selenium.remote.ProtocolHandshake.streamW3CProtocolParameters(ProtocolHandshake.java:284)
	at org.openqa.selenium.remote.ProtocolHandshake.createSession(ProtocolHandshake.java:149)
	at org.openqa.selenium.remote.HttpCommandExecutor.execute(HttpCommandExecutor.java:142)
	at org.openqa.selenium.remote.RemoteWebDriver.execute(RemoteWebDriver.java:637)
	at org.openqa.selenium.remote.RemoteWebDriver.startSession(RemoteWebDriver.java:250)
	at org.openqa.selenium.remote.RemoteWebDriver.startSession(RemoteWebDriver.java:236)
	at org.openqa.selenium.remote.RemoteWebDriver.&lt;init&gt;(RemoteWebDriver.java:137)
	at org.openqa.selenium.remote.RemoteWebDriver.&lt;init&gt;(RemoteWebDriver.java:174)
	at com.codeborne.selenide.webdriver.WebDriverFactory.createRemoteDriver(WebDriverFactory.java:80)
	at com.codeborne.selenide.webdriver.WebDriverFactory.createWebDriver(WebDriverFactory.java:47)
	at com.codeborne.selenide.impl.WebDriverThreadLocalContainer.createDriver(WebDriverThreadLocalContainer.java:240)
	at com.codeborne.selenide.impl.WebDriverThreadLocalContainer.getAndCheckWebDriver(WebDriverThreadLocalContainer.java:113)
	at com.codeborne.selenide.WebDriverRunner.getAndCheckWebDriver(WebDriverRunner.java:136)
	at com.codeborne.selenide.impl.Navigator.navigateToAbsoluteUrl(Navigator.java:69)
	at com.codeborne.selenide.impl.Navigator.open(Navigator.java:32)
	at com.codeborne.selenide.Selenide.open(Selenide.java:82)
	at com.codeborne.selenide.Selenide.open(Selenide.java:56)
	at pages.home.HomePageTestSteps.openHomePage(HomePageTestSteps.java:23)
	at testClasses.demo.Demo.DemoTest1(Demo.java:31)
	at sun.reflect.NativeMethodAccessorImpl.invoke0(Native Method)
	at sun.reflect.NativeMethodAccessorImpl.invoke(NativeMethodAccessorImpl.java:62)
	at sun.reflect.DelegatingMethodAccessorImpl.invoke(DelegatingMethodAccessorImpl.java:43)
	at java.lang.reflect.Method.invoke(Method.java:498)
	at org.testng.internal.MethodInvocationHelper.invokeMethod(MethodInvocationHelper.java:108)
	at org.testng.internal.Invoker.invokeMethod(Invoker.java:661)
	at org.testng.internal.Invoker.invokeTestMethod(Invoker.java:869)
	at org.testng.internal.Invoker.invokeTestMethods(Invoker.java:1193)
	at org.testng.internal.TestMethodWorker.invokeTestMethods(TestMethodWorker.java:126)
	at org.testng.internal.TestMethodWorker.run(TestMethodWorker.java:109)
	at org.testng.TestRunner.privateRun(TestRunner.java:744)
	at org.testng.TestRunner.run(TestRunner.java:602)
	at org.testng.SuiteRunner.runTest(SuiteRunner.java:380)
	at org.testng.SuiteRunner.runSequentially(SuiteRunner.java:375)
	at org.testng.SuiteRunner.privateRun(SuiteRunner.java:340)
	at org.testng.SuiteRunner.run(SuiteRunner.java:289)
	at org.testng.SuiteRunnerWorker.runSuite(SuiteRunnerWorker.java:52)
	at org.testng.SuiteRunnerWorker.run(SuiteRunnerWorker.java:86)
	at org.testng.TestNG.runSuitesSequentially(TestNG.java:1301)
	at org.testng.TestNG.runSuitesLocally(TestNG.java:1226)
	at org.testng.TestNG.runSuites(TestNG.java:1144)
	at org.testng.TestNG.run(TestNG.java:1115)
	at org.testng.IDEARemoteTestNG.run(IDEARemoteTestNG.java:72)
	at org.testng.RemoteTestNGStarter.main(RemoteTestNGStarter.java:127)
	at sun.reflect.NativeMethodAccessorImpl.invoke0(Native Method)
	at sun.reflect.NativeMethodAccessorImpl.invoke(NativeMethodAccessorImpl.java:62)
	at sun.reflect.DelegatingMethodAccessorImpl.invoke(DelegatingMethodAccessorImpl.java:43)
	at java.lang.reflect.Method.invoke(Method.java:498)
	at com.intellij.rt.execution.application.AppMainV2.main(AppMainV2.java:131)
	Suppressed: java.io.IOException: Incomplete document
		at com.google.gson.stream.JsonWriter.close(JsonWriter.java:544)
		at org.openqa.selenium.remote.ProtocolHandshake.createSession(ProtocolHandshake.java:167)
		... 46 more
</stack-trace>
            </failure>
            <steps>
                <step start="1499617711979" stop="1499617713019" status="broken">
                    <name>openHomePage[http://open.ru]</name>
                    <title>Открыть браузер на главной странице Банка Открытие</title>
                </step>
            </steps>
            <attachments/>
            <labels>
                <label name="testSuite" value="Default Suite"/>
                <label name="testGroup" value="QA_EmptyProject"/>
                <label name="testClass" value="testClasses.demo.Demo"/>
                <label name="testMethod" value="DemoTest1"/>
                <label name="story" value="UI Test"/>
                <label name="feature" value="Front"/>
                <label name="host" value="DESKTOP-0IIMLMR"/>
                <label name="thread" value="14696@DESKTOP-0IIMLMR.main(1)"/>
            </labels>
        </test-case>
    </test-cases>
    <labels>
        <label name="framework" value="TestNG"/>
        <label name="language" value="JAVA"/>
    </labels>
</ns2:test-suite>
